<?xml version="1.0" encoding="UTF-8"?>
<!-- Generated by org.testng.reporters.JUnitReportReporter -->
<testsuite hostname="LAPTOP-T617DD9U" failures="0" tests="1" name="test.NewTest" time="2.350" errors="0" timestamp="20 Jul 2019 05:20:19 GMT" skipped="0">
  <testcase classname="test.NewTest" name="openMyBlogTest" time="2.350"/>
</testsuite> <!-- test.NewTest -->
