<?xml version="1.0" encoding="UTF-8"?>
<!-- Generated by org.testng.reporters.JUnitReportReporter -->
<testsuite hostname="LAPTOP-T617DD9U" failures="0" tests="1" name="test.NewTest" time="1.946" errors="0" timestamp="23 Jun 2019 18:11:28 GMT" skipped="0">
  <testcase classname="test.NewTest" name="openMyBlogTest" time="1.946"/>
</testsuite> <!-- test.NewTest -->
